<?xml version="1.0" encoding="UTF-8"?>
<!-- Generated by org.testng.reporters.JUnitReportReporter -->
<testsuite hostname="DESKTOP-GU03B2P" failures="0" tests="1" name="testPack.AddToCartNgClass" time="65.053" errors="0" timestamp="2023-02-11T15:20:11 IST" skipped="0">
  <testcase classname="testPack.AddToCartNgClass" name="clickOnAddToCartButton" time="65.053"/>
  <system-out/>
</testsuite> <!-- testPack.AddToCartNgClass -->
