<?xml version="1.0" encoding="UTF-8"?>
<!-- Generated by org.testng.reporters.JUnitReportReporter -->
<testsuite hostname="DESKTOP-GU03B2P" failures="0" tests="1" name="testPack.SelectSpeicificProductNgClass" time="66.230" errors="0" timestamp="2023-02-11T15:20:11 IST" skipped="0">
  <testcase classname="testPack.SelectSpeicificProductNgClass" name="clickOnSecificProduct" time="66.230"/>
  <system-out/>
</testsuite> <!-- testPack.SelectSpeicificProductNgClass -->
